<?xml version="1.0" encoding="UTF-8"?>
<!-- Generated by org.testng.reporters.JUnitReportReporter -->
<testsuite hostname="CarnotTech" failures="0" tests="2" name="com.ecom.project.Tests.WebtablePractise" time="93.102" errors="0" timestamp="2023-12-11T11:21:26 IST" skipped="1">
  <testcase classname="com.ecom.project.Tests.WebtablePractise" name="Dynamictable" time="93.102"/>
  <testcase classname="com.ecom.project.Tests.WebtablePractise" name="AddItem">
    <skipped/>
  </testcase> <!-- AddItem -->
</testsuite> <!-- com.ecom.project.Tests.WebtablePractise -->
